<?xml version="1.0" encoding="UTF-8"?>
<!-- Generated by org.testng.reporters.JUnitXMLReporter -->
<testsuite hostname="DESKTOP-R0QK2O8" ignored="1" name="Learning TestNG Tests" tests="4" failures="0" timestamp="16 Sep 2018 16:04:33 GMT" time="0.123" errors="0">
  <testcase name="testcase1" time="0.019" classname="day8.TestNGTest"/>
  <testcase name="testcase3" time="0.004" classname="day8.TestNGTest"/>
  <testcase name="testcase6" time="0.005" classname="day8.TestNGTest"/>
  <testcase name="testcase4" time="0.003" classname="day8.TestNGTest"/>
  <testcase name="testcase2" time="0.0" classname="day8.TestNGTest">
    <ignored/>
  </testcase> <!-- testcase2 -->
</testsuite> <!-- Learning TestNG Tests -->
