<?xml version="1.0" encoding="UTF-8"?>
<!-- Generated by org.testng.reporters.JUnitXMLReporter -->
<testsuite hostname="DESKTOP-R0QK2O8" ignored="0" name="Firefox Execution" tests="2" failures="0" timestamp="16 Sep 2018 17:00:49 GMT" time="29.468" errors="0">
  <testcase name="verifyTitleOfThePage" time="0.062" classname="day8.Guru99Project2"/>
  <testcase name="verifyLoginToGuru99WithCorrectCredentials" time="1.752" classname="day8.Guru99Project2"/>
</testsuite> <!-- Firefox Execution -->
