<?xml version="1.0" encoding="UTF-8"?>
<!-- Generated by org.testng.reporters.JUnitXMLReporter -->
<testsuite hostname="DESKTOP-R0QK2O8" ignored="3" name="Sanity Tests" tests="2" failures="0" timestamp="16 Sep 2018 16:21:33 GMT" time="0.106" errors="0">
  <testcase name="testcase3" time="0.013" classname="day8.TestNGTest"/>
  <testcase name="testcase4" time="0.01" classname="day8.TestNGTest"/>
  <testcase name="testcase2" time="0.0" classname="day8.TestNGTest">
    <ignored/>
  </testcase> <!-- testcase2 -->
  <testcase name="testcase1" time="0.0" classname="day8.TestNGTest">
    <ignored/>
  </testcase> <!-- testcase1 -->
  <testcase name="testcase6" time="0.0" classname="day8.TestNGTest">
    <ignored/>
  </testcase> <!-- testcase6 -->
</testsuite> <!-- Sanity Tests -->
