<?xml version="1.0" encoding="UTF-8"?>
<!-- Generated by org.testng.reporters.JUnitXMLReporter -->
<testsuite hostname="DESKTOP-R0QK2O8" ignored="2" name="Feature 1 test" tests="8" failures="0" timestamp="16 Sep 2018 16:02:03 GMT" time="0.151" errors="0">
  <testcase name="testcase1" time="0.012" classname="day8.TestNGTest"/>
  <testcase name="testcase1" time="0.003" classname="day8.TestNGTest2"/>
  <testcase name="testcase3" time="0.004" classname="day8.TestNGTest"/>
  <testcase name="testcase6" time="0.003" classname="day8.TestNGTest"/>
  <testcase name="testcase3" time="0.003" classname="day8.TestNGTest2"/>
  <testcase name="testcase6" time="0.002" classname="day8.TestNGTest2"/>
  <testcase name="testcase4" time="0.002" classname="day8.TestNGTest"/>
  <testcase name="testcase4" time="0.003" classname="day8.TestNGTest2"/>
  <testcase name="testcase2" time="0.0" classname="day8.TestNGTest2">
    <ignored/>
  </testcase> <!-- testcase2 -->
  <testcase name="testcase2" time="0.0" classname="day8.TestNGTest">
    <ignored/>
  </testcase> <!-- testcase2 -->
</testsuite> <!-- Feature 1 test -->
